<?xml version="1.0" encoding="UTF-8"?>
<!-- Generated by org.testng.reporters.JUnitReportReporter -->
<testsuite hostname="IN-GN-34667" name="testScripts.LoginAndEdit" tests="2" failures="0" timestamp="8 Feb 2017 08:36:14 GMT" time="16.213" errors="0">
  <testcase name="Login" time="10.243" classname="testScripts.LoginAndEdit"/>
  <testcase name="editProfile" time="5.970" classname="testScripts.LoginAndEdit"/>
</testsuite> <!-- testScripts.LoginAndEdit -->
