<?xml version="1.0" encoding="UTF-8"?>
<!-- Generated by org.testng.reporters.JUnitReportReporter -->
<testsuite hostname="IN-GN-34667" name="testScripts.LoginDuplicate" tests="1" failures="0" timestamp="2 Jan 2017 13:29:57 GMT" time="0.001" errors="0">
  <testcase name="ValidateLogin" time="0.001" classname="testScripts.LoginDuplicate"/>
</testsuite> <!-- testScripts.LoginDuplicate -->
