<?xml version="1.0" encoding="UTF-8"?>
<!-- Generated by org.testng.reporters.JUnitReportReporter -->
<testsuite hostname="IN-GN-34667" name="testScripts.Login" tests="1" failures="0" timestamp="8 Jan 2017 08:38:13 GMT" time="24.521" errors="0">
  <testcase name="ValidateLogin" time="24.521" classname="testScripts.Login"/>
</testsuite> <!-- testScripts.Login -->
