<?xml version="1.0" encoding="UTF-8"?>
<!-- Generated by org.testng.reporters.JUnitReportReporter -->
<testsuite hostname="IN-GN-34667" name="testScripts.LoginAndEdit" tests="2" failures="0" timestamp="11 Feb 2017 13:25:32 GMT" time="26.179" errors="0">
  <testcase name="editProfile" time="4.251" classname="testScripts.LoginAndEdit"/>
  <testcase name="Login" time="21.928" classname="testScripts.LoginAndEdit"/>
</testsuite> <!-- testScripts.LoginAndEdit -->
