<?xml version="1.0" encoding="UTF-8"?>
<!-- Generated by org.testng.reporters.JUnitReportReporter -->
<testsuite hostname="IN-GN-34667" name="testScripts.Login" tests="1" failures="0" timestamp="2 Jan 2017 05:34:24 GMT" time="5.214" errors="0">
  <testcase name="ValidateLogin" time="5.214" classname="testScripts.Login"/>
</testsuite> <!-- testScripts.Login -->
