<?xml version="1.0" encoding="UTF-8"?>
<!-- Generated by org.testng.reporters.JUnitReportReporter -->
<testsuite hostname="IN-GN-34667" name="testScripts.LoginAndEdit" tests="2" failures="0" timestamp="10 Jan 2017 12:47:40 GMT" time="19.044" errors="0">
  <testcase name="Login" time="12.540" classname="testScripts.LoginAndEdit"/>
  <testcase name="editProfile" time="6.504" classname="testScripts.LoginAndEdit"/>
</testsuite> <!-- testScripts.LoginAndEdit -->
