<?xml version="1.0" encoding="UTF-8"?>
<!-- Generated by org.testng.reporters.JUnitReportReporter -->
<testsuite hostname="IN-GN-34667" name="testScripts.Login" tests="1" failures="0" timestamp="31 Dec 2016 06:28:36 GMT" time="20.238" errors="0">
  <testcase name="ValidateLogin" time="20.238" classname="testScripts.Login"/>
</testsuite> <!-- testScripts.Login -->
