<?xml version="1.0" encoding="UTF-8"?>
<!-- Generated by org.testng.reporters.JUnitReportReporter -->
<testsuite hostname="IN-GN-34667" name="testScripts.Login" tests="1" failures="0" timestamp="30 Dec 2016 09:48:26 GMT" time="4.784" errors="0">
  <testcase name="ValidateLogin" time="4.784" classname="testScripts.Login"/>
</testsuite> <!-- testScripts.Login -->
